[2022-02-14 14:33:40.984] [restartedMain] [INFO ] [traceId=] c.s.r.RenshuoApplication: Starting RenshuoApplication using Java 17 on P84738 with PID 29620 (/Users/sarouar.hossain/Documents/SpringPractice/SpringRenshou/target/classes started by sarouar.hossain in /Users/sarouar.hossain/Documents/SpringPractice/SpringRenshou)
[2022-02-14 14:33:40.991] [restartedMain] [INFO ] [traceId=] c.s.r.RenshuoApplication: No active profile set, falling back to default profiles: default
[2022-02-14 14:33:41.027] [restartedMain] [INFO ] [traceId=] o.s.b.d.e.DevToolsPropertyDefaultsPostProcessor: Devtools property defaults active! Set 'spring.devtools.add-properties' to 'false' to disable
[2022-02-14 14:33:41.027] [restartedMain] [INFO ] [traceId=] o.s.b.d.e.DevToolsPropertyDefaultsPostProcessor: For additional web related logging consider setting the 'logging.level.web' property to 'DEBUG'
[2022-02-14 14:33:41.792] [restartedMain] [INFO ] [traceId=] o.s.b.w.e.t.TomcatWebServer: Tomcat initialized with port(s): 9090 (http)
[2022-02-14 14:33:41.855] [restartedMain] [INFO ] [traceId=] o.s.b.w.s.c.ServletWebServerApplicationContext: Root WebApplicationContext: initialization completed in 827 ms
[2022-02-14 14:33:42.121] [restartedMain] [INFO ] [traceId=] o.s.b.d.a.OptionalLiveReloadServer: LiveReload server is running on port 35729
[2022-02-14 14:33:42.146] [restartedMain] [INFO ] [traceId=] o.s.b.w.e.t.TomcatWebServer: Tomcat started on port(s): 9090 (http) with context path ''
[2022-02-14 14:33:42.155] [restartedMain] [INFO ] [traceId=] c.s.r.RenshuoApplication: Started RenshuoApplication in 1.599 seconds (JVM running for 2.49)
[2022-02-14 14:33:52.021] [http-nio-9090-exec-1] [INFO ] [traceId=] o.s.w.s.DispatcherServlet: Initializing Servlet 'dispatcherServlet'
[2022-02-14 14:33:52.022] [http-nio-9090-exec-1] [INFO ] [traceId=] o.s.w.s.DispatcherServlet: Completed initialization in 1 ms
[2022-02-14 14:33:52.034] [http-nio-9090-exec-1] [INFO ] [traceId=d7b9e962-7c86-4bc8-85fb-00ff984899d5] c.s.r.i.LoggingInterceptors: Request started.
[2022-02-14 14:33:52.040] [http-nio-9090-exec-1] [INFO ] [traceId=d7b9e962-7c86-4bc8-85fb-00ff984899d5] c.s.r.s.TestService: Hello from service method
[2022-02-14 14:33:52.042] [worker-thread-1] [INFO ] [traceId=d7b9e962-7c86-4bc8-85fb-00ff984899d5] c.s.r.s.TestService: Hello from different thread call
[2022-02-14 14:33:52.064] [http-nio-9090-exec-1] [INFO ] [traceId=] c.s.r.i.LoggingInterceptors: Request Finished. Time Taken = 29
[2022-02-14 14:35:59.855] [restartedMain] [INFO ] [traceId=] c.s.r.RenshuoApplication: Starting RenshuoApplication using Java 17 on P84738 with PID 29768 (/Users/sarouar.hossain/Documents/SpringPractice/SpringRenshou/target/classes started by sarouar.hossain in /Users/sarouar.hossain/Documents/SpringPractice/SpringRenshou)
[2022-02-14 14:35:59.861] [restartedMain] [INFO ] [traceId=] c.s.r.RenshuoApplication: No active profile set, falling back to default profiles: default
[2022-02-14 14:35:59.897] [restartedMain] [INFO ] [traceId=] o.s.b.d.e.DevToolsPropertyDefaultsPostProcessor: Devtools property defaults active! Set 'spring.devtools.add-properties' to 'false' to disable
[2022-02-14 14:35:59.897] [restartedMain] [INFO ] [traceId=] o.s.b.d.e.DevToolsPropertyDefaultsPostProcessor: For additional web related logging consider setting the 'logging.level.web' property to 'DEBUG'
[2022-02-14 14:36:00.688] [restartedMain] [INFO ] [traceId=] o.s.b.w.e.t.TomcatWebServer: Tomcat initialized with port(s): 9090 (http)
[2022-02-14 14:36:00.747] [restartedMain] [INFO ] [traceId=] o.s.b.w.s.c.ServletWebServerApplicationContext: Root WebApplicationContext: initialization completed in 849 ms
[2022-02-14 14:36:00.998] [restartedMain] [INFO ] [traceId=] o.s.b.d.a.OptionalLiveReloadServer: LiveReload server is running on port 35729
[2022-02-14 14:36:01.021] [restartedMain] [INFO ] [traceId=] o.s.b.w.e.t.TomcatWebServer: Tomcat started on port(s): 9090 (http) with context path ''
[2022-02-14 14:36:01.028] [restartedMain] [INFO ] [traceId=] c.s.r.RenshuoApplication: Started RenshuoApplication in 1.459 seconds (JVM running for 2.199)
[2022-02-14 14:36:30.419] [http-nio-9090-exec-1] [INFO ] [traceId=] o.s.w.s.DispatcherServlet: Initializing Servlet 'dispatcherServlet'
[2022-02-14 14:36:30.419] [http-nio-9090-exec-1] [INFO ] [traceId=] o.s.w.s.DispatcherServlet: Completed initialization in 0 ms
[2022-02-14 14:36:30.430] [http-nio-9090-exec-1] [INFO ] [traceId=6d01360c-a608-4909-8185-91750a6df71f] c.s.r.i.LoggingInterceptors: Request started.
[2022-02-14 14:36:30.435] [http-nio-9090-exec-1] [INFO ] [traceId=6d01360c-a608-4909-8185-91750a6df71f] c.s.r.s.TestService: Hello from service method
[2022-02-14 14:36:30.436] [worker-thread-1] [INFO ] [traceId=6d01360c-a608-4909-8185-91750a6df71f] c.s.r.s.TestService: Hello from different thread call
[2022-02-14 14:36:30.449] [http-nio-9090-exec-1] [INFO ] [traceId=] c.s.r.i.LoggingInterceptors: Request Finished. Time Taken = 19
[2022-02-14 14:40:10.107] [restartedMain] [INFO ] [traceId=] c.s.r.RenshuoApplication: Starting RenshuoApplication using Java 17 on P84738 with PID 29836 (/Users/sarouar.hossain/Documents/SpringPractice/SpringRenshou/target/classes started by sarouar.hossain in /Users/sarouar.hossain/Documents/SpringPractice/SpringRenshou)
[2022-02-14 14:40:10.113] [restartedMain] [INFO ] [traceId=] c.s.r.RenshuoApplication: No active profile set, falling back to default profiles: default
[2022-02-14 14:40:10.144] [restartedMain] [INFO ] [traceId=] o.s.b.d.e.DevToolsPropertyDefaultsPostProcessor: Devtools property defaults active! Set 'spring.devtools.add-properties' to 'false' to disable
[2022-02-14 14:40:10.144] [restartedMain] [INFO ] [traceId=] o.s.b.d.e.DevToolsPropertyDefaultsPostProcessor: For additional web related logging consider setting the 'logging.level.web' property to 'DEBUG'
[2022-02-14 14:40:10.842] [restartedMain] [INFO ] [traceId=] o.s.b.w.e.t.TomcatWebServer: Tomcat initialized with port(s): 9090 (http)
[2022-02-14 14:40:10.895] [restartedMain] [INFO ] [traceId=] o.s.b.w.s.c.ServletWebServerApplicationContext: Root WebApplicationContext: initialization completed in 750 ms
[2022-02-14 14:40:11.149] [restartedMain] [INFO ] [traceId=] o.s.b.d.a.OptionalLiveReloadServer: LiveReload server is running on port 35729
[2022-02-14 14:40:11.191] [restartedMain] [INFO ] [traceId=] o.s.b.w.e.t.TomcatWebServer: Tomcat started on port(s): 9090 (http) with context path ''
[2022-02-14 14:40:11.202] [restartedMain] [INFO ] [traceId=] c.s.r.RenshuoApplication: Started RenshuoApplication in 1.366 seconds (JVM running for 2.039)
[2022-02-14 14:40:13.450] [http-nio-9090-exec-1] [INFO ] [traceId=] o.s.w.s.DispatcherServlet: Initializing Servlet 'dispatcherServlet'
[2022-02-14 14:40:13.451] [http-nio-9090-exec-1] [INFO ] [traceId=] o.s.w.s.DispatcherServlet: Completed initialization in 0 ms
[2022-02-14 14:40:13.460] [http-nio-9090-exec-1] [INFO ] [traceId=7abf37fb-d5e0-4149-aa28-f356a133e70a] c.s.r.i.LoggingInterceptors: Request started.
[2022-02-14 14:40:13.464] [http-nio-9090-exec-1] [INFO ] [traceId=7abf37fb-d5e0-4149-aa28-f356a133e70a] c.s.r.s.TestService: Hello from service method
[2022-02-14 14:40:13.466] [worker-thread-1] [INFO ] [traceId=7abf37fb-d5e0-4149-aa28-f356a133e70a] c.s.r.s.TestService: Hello from different thread call
[2022-02-14 14:40:13.479] [http-nio-9090-exec-1] [INFO ] [traceId=7abf37fb-d5e0-4149-aa28-f356a133e70a] c.s.r.i.LoggingInterceptors: Request Finished. Time Taken = 18
[2022-02-14 14:41:54.801] [restartedMain] [INFO ] [traceId=] c.s.r.RenshuoApplication: Starting RenshuoApplication using Java 17 on P84738 with PID 29871 (/Users/sarouar.hossain/Documents/SpringPractice/SpringRenshou/target/classes started by sarouar.hossain in /Users/sarouar.hossain/Documents/SpringPractice/SpringRenshou)
[2022-02-14 14:41:54.807] [restartedMain] [INFO ] [traceId=] c.s.r.RenshuoApplication: No active profile set, falling back to default profiles: default
[2022-02-14 14:41:54.840] [restartedMain] [INFO ] [traceId=] o.s.b.d.e.DevToolsPropertyDefaultsPostProcessor: Devtools property defaults active! Set 'spring.devtools.add-properties' to 'false' to disable
[2022-02-14 14:41:54.840] [restartedMain] [INFO ] [traceId=] o.s.b.d.e.DevToolsPropertyDefaultsPostProcessor: For additional web related logging consider setting the 'logging.level.web' property to 'DEBUG'
[2022-02-14 14:41:55.502] [restartedMain] [INFO ] [traceId=] o.s.b.w.e.t.TomcatWebServer: Tomcat initialized with port(s): 9090 (http)
[2022-02-14 14:41:55.553] [restartedMain] [INFO ] [traceId=] o.s.b.w.s.c.ServletWebServerApplicationContext: Root WebApplicationContext: initialization completed in 712 ms
[2022-02-14 14:41:55.796] [restartedMain] [INFO ] [traceId=] o.s.b.d.a.OptionalLiveReloadServer: LiveReload server is running on port 35729
[2022-02-14 14:41:55.819] [restartedMain] [INFO ] [traceId=] o.s.b.w.e.t.TomcatWebServer: Tomcat started on port(s): 9090 (http) with context path ''
[2022-02-14 14:41:55.826] [restartedMain] [INFO ] [traceId=] c.s.r.RenshuoApplication: Started RenshuoApplication in 1.291 seconds (JVM running for 1.959)
[2022-02-14 14:41:58.627] [http-nio-9090-exec-2] [INFO ] [traceId=] o.s.w.s.DispatcherServlet: Initializing Servlet 'dispatcherServlet'
[2022-02-14 14:41:58.627] [http-nio-9090-exec-2] [INFO ] [traceId=] o.s.w.s.DispatcherServlet: Completed initialization in 0 ms
[2022-02-14 14:41:58.636] [http-nio-9090-exec-2] [INFO ] [traceId=0f5f20be-a30a-4577-820c-5bf9957cf195] c.s.r.i.LoggingInterceptors: Request started.
[2022-02-14 14:41:58.642] [http-nio-9090-exec-2] [INFO ] [traceId=0f5f20be-a30a-4577-820c-5bf9957cf195] c.s.r.s.TestService: Hello from service method
[2022-02-14 14:41:58.644] [worker-thread-1] [INFO ] [traceId=0f5f20be-a30a-4577-820c-5bf9957cf195] c.s.r.s.TestService: Hello from different thread call
[2022-02-14 14:41:58.656] [http-nio-9090-exec-2] [INFO ] [traceId=0f5f20be-a30a-4577-820c-5bf9957cf195] c.s.r.i.LoggingInterceptors: Request Finished. Time Taken = 19
[2022-02-14 14:43:49.763] [restartedMain] [INFO ] [traceId=] c.s.r.RenshuoApplication: Starting RenshuoApplication using Java 17 on P84738 with PID 29902 (/Users/sarouar.hossain/Documents/SpringPractice/SpringRenshou/target/classes started by sarouar.hossain in /Users/sarouar.hossain/Documents/SpringPractice/SpringRenshou)
[2022-02-14 14:43:49.769] [restartedMain] [INFO ] [traceId=] c.s.r.RenshuoApplication: No active profile set, falling back to default profiles: default
[2022-02-14 14:43:49.802] [restartedMain] [INFO ] [traceId=] o.s.b.d.e.DevToolsPropertyDefaultsPostProcessor: Devtools property defaults active! Set 'spring.devtools.add-properties' to 'false' to disable
[2022-02-14 14:43:49.802] [restartedMain] [INFO ] [traceId=] o.s.b.d.e.DevToolsPropertyDefaultsPostProcessor: For additional web related logging consider setting the 'logging.level.web' property to 'DEBUG'
[2022-02-14 14:43:50.582] [restartedMain] [INFO ] [traceId=] o.s.b.w.e.t.TomcatWebServer: Tomcat initialized with port(s): 9090 (http)
[2022-02-14 14:43:50.638] [restartedMain] [INFO ] [traceId=] o.s.b.w.s.c.ServletWebServerApplicationContext: Root WebApplicationContext: initialization completed in 835 ms
[2022-02-14 14:43:50.893] [restartedMain] [INFO ] [traceId=] o.s.b.d.a.OptionalLiveReloadServer: LiveReload server is running on port 35729
[2022-02-14 14:43:50.918] [restartedMain] [INFO ] [traceId=] o.s.b.w.e.t.TomcatWebServer: Tomcat started on port(s): 9090 (http) with context path ''
[2022-02-14 14:43:50.926] [restartedMain] [INFO ] [traceId=] c.s.r.RenshuoApplication: Started RenshuoApplication in 1.419 seconds (JVM running for 2.101)
[2022-02-14 14:43:53.728] [http-nio-9090-exec-2] [INFO ] [traceId=] o.s.w.s.DispatcherServlet: Initializing Servlet 'dispatcherServlet'
[2022-02-14 14:43:53.729] [http-nio-9090-exec-2] [INFO ] [traceId=] o.s.w.s.DispatcherServlet: Completed initialization in 1 ms
[2022-02-14 14:43:53.739] [http-nio-9090-exec-2] [INFO ] [traceId=f5f77fdc-e300-4ef9-a9f8-39e0b0192ff5] c.s.r.i.LoggingInterceptors: Request started.
[2022-02-14 14:43:53.743] [http-nio-9090-exec-2] [INFO ] [traceId=f5f77fdc-e300-4ef9-a9f8-39e0b0192ff5] c.s.r.s.TestService: Hello from service method
[2022-02-14 14:43:53.745] [worker-thread-1] [INFO ] [traceId=f5f77fdc-e300-4ef9-a9f8-39e0b0192ff5] c.s.r.s.TestService: Hello from different thread call
[2022-02-14 14:43:53.745] [worker-thread-1] [WARN ] [traceId=f5f77fdc-e300-4ef9-a9f8-39e0b0192ff5] c.s.r.c.ContextAwareExecutorDecoratorForMDC: Test1
[2022-02-14 14:43:53.746] [worker-thread-1] [WARN ] [traceId=] c.s.r.c.ContextAwareExecutorDecoratorForMDC: Test1
[2022-02-14 14:43:53.760] [http-nio-9090-exec-2] [INFO ] [traceId=f5f77fdc-e300-4ef9-a9f8-39e0b0192ff5] c.s.r.i.LoggingInterceptors: Request Finished. Time Taken = 20
[2022-02-14 14:45:20.726] [restartedMain] [INFO ] [traceId=] c.s.r.RenshuoApplication: Starting RenshuoApplication using Java 17 on P84738 with PID 29933 (/Users/sarouar.hossain/Documents/SpringPractice/SpringRenshou/target/classes started by sarouar.hossain in /Users/sarouar.hossain/Documents/SpringPractice/SpringRenshou)
[2022-02-14 14:45:20.732] [restartedMain] [INFO ] [traceId=] c.s.r.RenshuoApplication: No active profile set, falling back to default profiles: default
[2022-02-14 14:45:20.763] [restartedMain] [INFO ] [traceId=] o.s.b.d.e.DevToolsPropertyDefaultsPostProcessor: Devtools property defaults active! Set 'spring.devtools.add-properties' to 'false' to disable
[2022-02-14 14:45:20.763] [restartedMain] [INFO ] [traceId=] o.s.b.d.e.DevToolsPropertyDefaultsPostProcessor: For additional web related logging consider setting the 'logging.level.web' property to 'DEBUG'
[2022-02-14 14:45:21.425] [restartedMain] [INFO ] [traceId=] o.s.b.w.e.t.TomcatWebServer: Tomcat initialized with port(s): 9090 (http)
[2022-02-14 14:45:21.476] [restartedMain] [INFO ] [traceId=] o.s.b.w.s.c.ServletWebServerApplicationContext: Root WebApplicationContext: initialization completed in 712 ms
[2022-02-14 14:45:21.720] [restartedMain] [INFO ] [traceId=] o.s.b.d.a.OptionalLiveReloadServer: LiveReload server is running on port 35729
[2022-02-14 14:45:21.746] [restartedMain] [INFO ] [traceId=] o.s.b.w.e.t.TomcatWebServer: Tomcat started on port(s): 9090 (http) with context path ''
[2022-02-14 14:45:21.752] [restartedMain] [INFO ] [traceId=] c.s.r.RenshuoApplication: Started RenshuoApplication in 1.286 seconds (JVM running for 1.946)
[2022-02-14 14:45:50.324] [http-nio-9090-exec-1] [INFO ] [traceId=] o.s.w.s.DispatcherServlet: Initializing Servlet 'dispatcherServlet'
[2022-02-14 14:45:50.325] [http-nio-9090-exec-1] [INFO ] [traceId=] o.s.w.s.DispatcherServlet: Completed initialization in 0 ms
[2022-02-14 14:45:50.334] [http-nio-9090-exec-1] [INFO ] [traceId=95cd3949-74a0-477c-8036-58533535513f] c.s.r.i.LoggingInterceptors: Request started.
[2022-02-14 14:45:50.339] [http-nio-9090-exec-1] [INFO ] [traceId=95cd3949-74a0-477c-8036-58533535513f] c.s.r.s.TestService: Hello from service method
[2022-02-14 14:45:50.340] [worker-thread-1] [INFO ] [traceId=95cd3949-74a0-477c-8036-58533535513f] c.s.r.s.TestService: Hello from different thread call
[2022-02-14 14:45:50.340] [worker-thread-1] [INFO ] [traceId=95cd3949-74a0-477c-8036-58533535513f] c.s.r.c.ContextAwareExecutorDecorator: Test1
[2022-02-14 14:45:50.340] [worker-thread-1] [INFO ] [traceId=] c.s.r.c.ContextAwareExecutorDecorator: Test2
[2022-02-14 14:45:50.353] [http-nio-9090-exec-1] [INFO ] [traceId=] c.s.r.i.LoggingInterceptors: Request Finished. Time Taken = 17
[2022-02-14 14:47:02.650] [restartedMain] [INFO ] [traceId=] c.s.r.RenshuoApplication: Starting RenshuoApplication using Java 17 on P84738 with PID 29971 (/Users/sarouar.hossain/Documents/SpringPractice/SpringRenshou/target/classes started by sarouar.hossain in /Users/sarouar.hossain/Documents/SpringPractice/SpringRenshou)
[2022-02-14 14:47:02.657] [restartedMain] [INFO ] [traceId=] c.s.r.RenshuoApplication: No active profile set, falling back to default profiles: default
[2022-02-14 14:47:02.689] [restartedMain] [INFO ] [traceId=] o.s.b.d.e.DevToolsPropertyDefaultsPostProcessor: Devtools property defaults active! Set 'spring.devtools.add-properties' to 'false' to disable
[2022-02-14 14:47:02.689] [restartedMain] [INFO ] [traceId=] o.s.b.d.e.DevToolsPropertyDefaultsPostProcessor: For additional web related logging consider setting the 'logging.level.web' property to 'DEBUG'
[2022-02-14 14:47:03.317] [restartedMain] [INFO ] [traceId=] o.s.b.w.e.t.TomcatWebServer: Tomcat initialized with port(s): 9090 (http)
[2022-02-14 14:47:03.369] [restartedMain] [INFO ] [traceId=] o.s.b.w.s.c.ServletWebServerApplicationContext: Root WebApplicationContext: initialization completed in 679 ms
[2022-02-14 14:47:03.593] [restartedMain] [INFO ] [traceId=] o.s.b.d.a.OptionalLiveReloadServer: LiveReload server is running on port 35729
[2022-02-14 14:47:03.615] [restartedMain] [INFO ] [traceId=] o.s.b.w.e.t.TomcatWebServer: Tomcat started on port(s): 9090 (http) with context path ''
[2022-02-14 14:47:03.622] [restartedMain] [INFO ] [traceId=] c.s.r.RenshuoApplication: Started RenshuoApplication in 1.23 seconds (JVM running for 1.946)
[2022-02-14 14:47:07.635] [http-nio-9090-exec-1] [INFO ] [traceId=] o.s.w.s.DispatcherServlet: Initializing Servlet 'dispatcherServlet'
[2022-02-14 14:47:07.635] [http-nio-9090-exec-1] [INFO ] [traceId=] o.s.w.s.DispatcherServlet: Completed initialization in 0 ms
[2022-02-14 14:47:07.645] [http-nio-9090-exec-1] [INFO ] [traceId=5b78c2ae-d861-432f-8203-40e9ed57e106] c.s.r.i.LoggingInterceptors: Request started.
[2022-02-14 14:47:07.650] [http-nio-9090-exec-1] [INFO ] [traceId=5b78c2ae-d861-432f-8203-40e9ed57e106] c.s.r.s.TestService: Hello from service method
[2022-02-14 14:47:07.651] [worker-thread-1] [INFO ] [traceId=5b78c2ae-d861-432f-8203-40e9ed57e106] c.s.r.s.TestService: Hello from different thread call
[2022-02-14 14:47:07.651] [worker-thread-1] [INFO ] [traceId=5b78c2ae-d861-432f-8203-40e9ed57e106] c.s.r.c.ContextAwareExecutorDecorator: Test1
[2022-02-14 14:47:07.651] [http-nio-9090-exec-1] [INFO ] [traceId=] c.s.r.s.TestService: After async call
[2022-02-14 14:47:07.652] [worker-thread-1] [INFO ] [traceId=] c.s.r.c.ContextAwareExecutorDecorator: Test2
[2022-02-14 14:47:07.665] [http-nio-9090-exec-1] [INFO ] [traceId=] c.s.r.i.LoggingInterceptors: Request Finished. Time Taken = 19
[2022-02-14 14:48:09.707] [restartedMain] [INFO ] [traceId=] c.s.r.RenshuoApplication: Starting RenshuoApplication using Java 17 on P84738 with PID 30003 (/Users/sarouar.hossain/Documents/SpringPractice/SpringRenshou/target/classes started by sarouar.hossain in /Users/sarouar.hossain/Documents/SpringPractice/SpringRenshou)
[2022-02-14 14:48:09.713] [restartedMain] [INFO ] [traceId=] c.s.r.RenshuoApplication: No active profile set, falling back to default profiles: default
[2022-02-14 14:48:09.746] [restartedMain] [INFO ] [traceId=] o.s.b.d.e.DevToolsPropertyDefaultsPostProcessor: Devtools property defaults active! Set 'spring.devtools.add-properties' to 'false' to disable
[2022-02-14 14:48:09.746] [restartedMain] [INFO ] [traceId=] o.s.b.d.e.DevToolsPropertyDefaultsPostProcessor: For additional web related logging consider setting the 'logging.level.web' property to 'DEBUG'
[2022-02-14 14:48:10.498] [restartedMain] [INFO ] [traceId=] o.s.b.w.e.t.TomcatWebServer: Tomcat initialized with port(s): 9090 (http)
[2022-02-14 14:48:10.555] [restartedMain] [INFO ] [traceId=] o.s.b.w.s.c.ServletWebServerApplicationContext: Root WebApplicationContext: initialization completed in 808 ms
[2022-02-14 14:48:10.811] [restartedMain] [INFO ] [traceId=] o.s.b.d.a.OptionalLiveReloadServer: LiveReload server is running on port 35729
[2022-02-14 14:48:10.835] [restartedMain] [INFO ] [traceId=] o.s.b.w.e.t.TomcatWebServer: Tomcat started on port(s): 9090 (http) with context path ''
[2022-02-14 14:48:10.842] [restartedMain] [INFO ] [traceId=] c.s.r.RenshuoApplication: Started RenshuoApplication in 1.403 seconds (JVM running for 2.092)
[2022-02-14 14:48:13.514] [http-nio-9090-exec-2] [INFO ] [traceId=] o.s.w.s.DispatcherServlet: Initializing Servlet 'dispatcherServlet'
[2022-02-14 14:48:13.515] [http-nio-9090-exec-2] [INFO ] [traceId=] o.s.w.s.DispatcherServlet: Completed initialization in 0 ms
[2022-02-14 14:48:13.525] [http-nio-9090-exec-2] [INFO ] [traceId=0105351f-c88a-415a-be02-282bef18c5d9] c.s.r.i.LoggingInterceptors: Request started.
[2022-02-14 14:48:13.530] [http-nio-9090-exec-2] [INFO ] [traceId=0105351f-c88a-415a-be02-282bef18c5d9] c.s.r.s.TestService: Hello from service method
[2022-02-14 14:48:13.531] [worker-thread-1] [INFO ] [traceId=0105351f-c88a-415a-be02-282bef18c5d9] c.s.r.s.TestService: Hello from different thread call
[2022-02-14 14:48:13.531] [worker-thread-1] [INFO ] [traceId=0105351f-c88a-415a-be02-282bef18c5d9] c.s.r.c.ContextAwareExecutorDecorator: Test1
[2022-02-14 14:48:13.531] [http-nio-9090-exec-2] [INFO ] [traceId=0105351f-c88a-415a-be02-282bef18c5d9] c.s.r.s.TestService: After async call
[2022-02-14 14:48:13.531] [worker-thread-1] [INFO ] [traceId=] c.s.r.c.ContextAwareExecutorDecorator: Test2
[2022-02-14 14:48:13.544] [http-nio-9090-exec-2] [INFO ] [traceId=0105351f-c88a-415a-be02-282bef18c5d9] c.s.r.i.LoggingInterceptors: Request Finished. Time Taken = 19
[2022-02-14 15:50:48.252] [restartedMain] [INFO ] [traceId=] c.s.r.RenshuoApplication: Starting RenshuoApplication using Java 17 on P84738 with PID 33228 (/Users/sarouar.hossain/Documents/SpringPractice/SpringRenshou/target/classes started by sarouar.hossain in /Users/sarouar.hossain/Documents/SpringPractice/SpringRenshou)
[2022-02-14 15:50:48.258] [restartedMain] [INFO ] [traceId=] c.s.r.RenshuoApplication: No active profile set, falling back to default profiles: default
[2022-02-14 15:50:48.289] [restartedMain] [INFO ] [traceId=] o.s.b.d.e.DevToolsPropertyDefaultsPostProcessor: Devtools property defaults active! Set 'spring.devtools.add-properties' to 'false' to disable
[2022-02-14 15:50:48.290] [restartedMain] [INFO ] [traceId=] o.s.b.d.e.DevToolsPropertyDefaultsPostProcessor: For additional web related logging consider setting the 'logging.level.web' property to 'DEBUG'
[2022-02-14 15:50:48.959] [restartedMain] [INFO ] [traceId=] o.s.b.w.e.t.TomcatWebServer: Tomcat initialized with port(s): 9090 (http)
[2022-02-14 15:50:49.013] [restartedMain] [INFO ] [traceId=] o.s.b.w.s.c.ServletWebServerApplicationContext: Root WebApplicationContext: initialization completed in 723 ms
[2022-02-14 15:50:49.262] [restartedMain] [INFO ] [traceId=] o.s.b.d.a.OptionalLiveReloadServer: LiveReload server is running on port 35729
[2022-02-14 15:50:49.284] [restartedMain] [INFO ] [traceId=] o.s.b.w.e.t.TomcatWebServer: Tomcat started on port(s): 9090 (http) with context path ''
[2022-02-14 15:50:49.292] [restartedMain] [INFO ] [traceId=] c.s.r.RenshuoApplication: Started RenshuoApplication in 1.315 seconds (JVM running for 2.034)
[2022-02-14 15:50:55.330] [http-nio-9090-exec-1] [INFO ] [traceId=] o.s.w.s.DispatcherServlet: Initializing Servlet 'dispatcherServlet'
[2022-02-14 15:50:55.331] [http-nio-9090-exec-1] [INFO ] [traceId=] o.s.w.s.DispatcherServlet: Completed initialization in 0 ms
[2022-02-14 15:50:55.341] [http-nio-9090-exec-1] [INFO ] [traceId=b7ba33f2-b76a-42ea-a08d-d31f71a82212] c.s.r.i.LoggingInterceptors: Request started.
[2022-02-14 15:50:55.345] [http-nio-9090-exec-1] [INFO ] [traceId=b7ba33f2-b76a-42ea-a08d-d31f71a82212] c.s.r.s.TestService: Hello from service method
[2022-02-14 15:50:55.347] [worker-thread-1] [INFO ] [traceId=b7ba33f2-b76a-42ea-a08d-d31f71a82212] c.s.r.s.TestService: Hello from different thread call
[2022-02-14 15:50:55.347] [worker-thread-1] [INFO ] [traceId=b7ba33f2-b76a-42ea-a08d-d31f71a82212] c.s.r.c.ContextAwareExecutorDecorator: Test1
[2022-02-14 15:50:55.347] [http-nio-9090-exec-1] [INFO ] [traceId=b7ba33f2-b76a-42ea-a08d-d31f71a82212] c.s.r.s.TestService: After async call
[2022-02-14 15:50:55.347] [worker-thread-1] [INFO ] [traceId=] c.s.r.c.ContextAwareExecutorDecorator: Test2
[2022-02-14 15:50:55.360] [http-nio-9090-exec-1] [INFO ] [traceId=b7ba33f2-b76a-42ea-a08d-d31f71a82212] c.s.r.i.LoggingInterceptors: Request Finished. Time Taken = 18
[2022-02-14 15:52:46.098] [restartedMain] [INFO ] [traceId=] c.s.r.RenshuoApplication: Starting RenshuoApplication using Java 17 on P84738 with PID 33284 (/Users/sarouar.hossain/Documents/SpringPractice/SpringRenshou/target/classes started by sarouar.hossain in /Users/sarouar.hossain/Documents/SpringPractice/SpringRenshou)
[2022-02-14 15:52:46.106] [restartedMain] [INFO ] [traceId=] c.s.r.RenshuoApplication: No active profile set, falling back to default profiles: default
[2022-02-14 15:52:46.148] [restartedMain] [INFO ] [traceId=] o.s.b.d.e.DevToolsPropertyDefaultsPostProcessor: Devtools property defaults active! Set 'spring.devtools.add-properties' to 'false' to disable
[2022-02-14 15:52:46.149] [restartedMain] [INFO ] [traceId=] o.s.b.d.e.DevToolsPropertyDefaultsPostProcessor: For additional web related logging consider setting the 'logging.level.web' property to 'DEBUG'
[2022-02-14 15:52:46.874] [restartedMain] [INFO ] [traceId=] o.s.b.w.e.t.TomcatWebServer: Tomcat initialized with port(s): 9090 (http)
[2022-02-14 15:52:46.932] [restartedMain] [INFO ] [traceId=] o.s.b.w.s.c.ServletWebServerApplicationContext: Root WebApplicationContext: initialization completed in 782 ms
[2022-02-14 15:52:47.192] [restartedMain] [INFO ] [traceId=] o.s.b.d.a.OptionalLiveReloadServer: LiveReload server is running on port 35729
[2022-02-14 15:52:47.217] [restartedMain] [INFO ] [traceId=] o.s.b.w.e.t.TomcatWebServer: Tomcat started on port(s): 9090 (http) with context path ''
[2022-02-14 15:52:47.225] [restartedMain] [INFO ] [traceId=] c.s.r.RenshuoApplication: Started RenshuoApplication in 1.405 seconds (JVM running for 2.181)
[2022-02-14 15:52:50.832] [http-nio-9090-exec-2] [INFO ] [traceId=] o.s.w.s.DispatcherServlet: Initializing Servlet 'dispatcherServlet'
[2022-02-14 15:52:50.833] [http-nio-9090-exec-2] [INFO ] [traceId=] o.s.w.s.DispatcherServlet: Completed initialization in 1 ms
[2022-02-14 15:52:50.842] [http-nio-9090-exec-2] [INFO ] [traceId=bb7622f6-4d54-400a-8d3b-1c19b4971407] c.s.r.i.LoggingInterceptors: Request started.
[2022-02-14 15:52:50.847] [http-nio-9090-exec-2] [INFO ] [traceId=bb7622f6-4d54-400a-8d3b-1c19b4971407] c.s.r.s.TestService: Hello from service method
[2022-02-14 15:52:50.848] [worker-thread-1] [INFO ] [traceId=bb7622f6-4d54-400a-8d3b-1c19b4971407] c.s.r.s.TestService: Hello from different thread call
[2022-02-14 15:52:50.849] [worker-thread-1] [INFO ] [traceId=bb7622f6-4d54-400a-8d3b-1c19b4971407] c.s.r.c.ContextAwareExecutorDecorator: Test1
[2022-02-14 15:52:50.849] [http-nio-9090-exec-2] [INFO ] [traceId=bb7622f6-4d54-400a-8d3b-1c19b4971407] c.s.r.s.TestService: After async call
[2022-02-14 15:52:50.849] [worker-thread-1] [INFO ] [traceId=] c.s.r.c.ContextAwareExecutorDecorator: Test2
[2022-02-14 15:52:50.863] [http-nio-9090-exec-2] [INFO ] [traceId=bb7622f6-4d54-400a-8d3b-1c19b4971407] c.s.r.i.LoggingInterceptors: Request Finished. Time Taken = 19
[2022-02-14 15:54:16.885] [restartedMain] [INFO ] [traceId=] c.s.r.RenshuoApplication: Starting RenshuoApplication using Java 17 on P84738 with PID 33318 (/Users/sarouar.hossain/Documents/SpringPractice/SpringRenshou/target/classes started by sarouar.hossain in /Users/sarouar.hossain/Documents/SpringPractice/SpringRenshou)
[2022-02-14 15:54:16.891] [restartedMain] [INFO ] [traceId=] c.s.r.RenshuoApplication: No active profile set, falling back to default profiles: default
[2022-02-14 15:54:16.921] [restartedMain] [INFO ] [traceId=] o.s.b.d.e.DevToolsPropertyDefaultsPostProcessor: Devtools property defaults active! Set 'spring.devtools.add-properties' to 'false' to disable
[2022-02-14 15:54:16.921] [restartedMain] [INFO ] [traceId=] o.s.b.d.e.DevToolsPropertyDefaultsPostProcessor: For additional web related logging consider setting the 'logging.level.web' property to 'DEBUG'
[2022-02-14 15:54:17.627] [restartedMain] [INFO ] [traceId=] o.s.b.w.e.t.TomcatWebServer: Tomcat initialized with port(s): 9090 (http)
[2022-02-14 15:54:17.681] [restartedMain] [INFO ] [traceId=] o.s.b.w.s.c.ServletWebServerApplicationContext: Root WebApplicationContext: initialization completed in 759 ms
[2022-02-14 15:54:17.910] [restartedMain] [INFO ] [traceId=] o.s.b.d.a.OptionalLiveReloadServer: LiveReload server is running on port 35729
[2022-02-14 15:54:17.933] [restartedMain] [INFO ] [traceId=] o.s.b.w.e.t.TomcatWebServer: Tomcat started on port(s): 9090 (http) with context path ''
[2022-02-14 15:54:17.940] [restartedMain] [INFO ] [traceId=] c.s.r.RenshuoApplication: Started RenshuoApplication in 1.311 seconds (JVM running for 1.954)
[2022-02-14 15:54:33.260] [restartedMain] [INFO ] [traceId=] c.s.r.RenshuoApplication: Starting RenshuoApplication using Java 17 on P84738 with PID 33324 (/Users/sarouar.hossain/Documents/SpringPractice/SpringRenshou/target/classes started by sarouar.hossain in /Users/sarouar.hossain/Documents/SpringPractice/SpringRenshou)
[2022-02-14 15:54:33.265] [restartedMain] [INFO ] [traceId=] c.s.r.RenshuoApplication: No active profile set, falling back to default profiles: default
[2022-02-14 15:54:33.290] [restartedMain] [INFO ] [traceId=] o.s.b.d.e.DevToolsPropertyDefaultsPostProcessor: Devtools property defaults active! Set 'spring.devtools.add-properties' to 'false' to disable
[2022-02-14 15:54:33.290] [restartedMain] [INFO ] [traceId=] o.s.b.d.e.DevToolsPropertyDefaultsPostProcessor: For additional web related logging consider setting the 'logging.level.web' property to 'DEBUG'
[2022-02-14 15:54:33.846] [restartedMain] [INFO ] [traceId=] o.s.b.w.e.t.TomcatWebServer: Tomcat initialized with port(s): 9090 (http)
[2022-02-14 15:54:33.897] [restartedMain] [INFO ] [traceId=] o.s.b.w.s.c.ServletWebServerApplicationContext: Root WebApplicationContext: initialization completed in 606 ms
[2022-02-14 15:54:34.116] [restartedMain] [INFO ] [traceId=] o.s.b.d.a.OptionalLiveReloadServer: LiveReload server is running on port 35729
[2022-02-14 15:54:34.140] [restartedMain] [INFO ] [traceId=] o.s.b.w.e.t.TomcatWebServer: Tomcat started on port(s): 9090 (http) with context path ''
[2022-02-14 15:54:34.147] [restartedMain] [INFO ] [traceId=] c.s.r.RenshuoApplication: Started RenshuoApplication in 1.125 seconds (JVM running for 1.776)
[2022-02-14 15:54:46.176] [http-nio-9090-exec-2] [INFO ] [traceId=] o.s.w.s.DispatcherServlet: Initializing Servlet 'dispatcherServlet'
[2022-02-14 15:54:46.177] [http-nio-9090-exec-2] [INFO ] [traceId=] o.s.w.s.DispatcherServlet: Completed initialization in 1 ms
[2022-02-14 15:54:46.187] [http-nio-9090-exec-2] [INFO ] [traceId=ee48d66e-5367-4ecc-a069-46508e8723a8] c.s.r.i.LoggingInterceptors: Request started.
[2022-02-14 15:54:46.193] [http-nio-9090-exec-2] [INFO ] [traceId=ee48d66e-5367-4ecc-a069-46508e8723a8] c.s.r.s.TestService: Hello from service method
[2022-02-14 15:54:46.195] [worker-thread-1] [INFO ] [traceId=ee48d66e-5367-4ecc-a069-46508e8723a8] c.s.r.s.TestService: Hello from different thread call
[2022-02-14 15:54:46.195] [worker-thread-1] [INFO ] [traceId=ee48d66e-5367-4ecc-a069-46508e8723a8] c.s.r.c.ContextAwareExecutorDecorator: Test1
[2022-02-14 15:54:46.195] [http-nio-9090-exec-2] [WARN ] [traceId=ee48d66e-5367-4ecc-a069-46508e8723a8] c.s.r.s.TestService: After async call
[2022-02-14 15:54:46.195] [http-nio-9090-exec-2] [ERROR] [traceId=ee48d66e-5367-4ecc-a069-46508e8723a8] c.s.r.s.TestService: Test Error
[2022-02-14 15:54:46.195] [worker-thread-1] [INFO ] [traceId=] c.s.r.c.ContextAwareExecutorDecorator: Test2
[2022-02-14 15:54:46.211] [http-nio-9090-exec-2] [INFO ] [traceId=ee48d66e-5367-4ecc-a069-46508e8723a8] c.s.r.i.LoggingInterceptors: Request Finished. Time Taken = 22
[2022-02-14 15:56:22.151] [restartedMain] [INFO ] [traceId=] o.s.b.d.e.DevToolsPropertyDefaultsPostProcessor: Devtools property defaults active! Set 'spring.devtools.add-properties' to 'false' to disable
[2022-02-14 15:56:22.152] [restartedMain] [INFO ] [traceId=] o.s.b.d.e.DevToolsPropertyDefaultsPostProcessor: For additional web related logging consider setting the 'logging.level.web' property to 'DEBUG'
[2022-02-14 15:56:23.016] [restartedMain] [INFO ] [traceId=] o.s.b.w.e.t.TomcatWebServer: Tomcat initialized with port(s): 9090 (http)
[2022-02-14 15:56:23.074] [restartedMain] [INFO ] [traceId=] o.s.b.w.s.c.ServletWebServerApplicationContext: Root WebApplicationContext: initialization completed in 922 ms
[2022-02-14 15:56:23.381] [restartedMain] [INFO ] [traceId=] o.s.b.d.a.OptionalLiveReloadServer: LiveReload server is running on port 35729
[2022-02-14 15:56:23.416] [restartedMain] [INFO ] [traceId=] o.s.b.w.e.t.TomcatWebServer: Tomcat started on port(s): 9090 (http) with context path ''
[2022-02-14 15:56:33.429] [http-nio-9090-exec-2] [INFO ] [traceId=] o.s.w.s.DispatcherServlet: Initializing Servlet 'dispatcherServlet'
[2022-02-14 15:56:33.430] [http-nio-9090-exec-2] [INFO ] [traceId=] o.s.w.s.DispatcherServlet: Completed initialization in 1 ms
